<?xml version="1.0" encoding="UTF-8"?>
<!-- Generated by org.testng.reporters.JUnitReportReporter -->
<testsuite hostname="DESKTOP-AJK2VM0" failures="0" tests="1" name="SeleniumwithTestNg.Seleniumcommands" time="62.279" errors="0" timestamp="2023-03-02T07:42:44 IST" skipped="0">
  <testcase classname="SeleniumwithTestNg.Seleniumcommands" name="TC_36_VerifyFileUploadUsingRobotClass" time="62.279"/>
  <system-out/>
</testsuite> <!-- SeleniumwithTestNg.Seleniumcommands -->
